<?xml version="1.0" encoding="UTF-8"?>
<testsuite name="SumOfMultiplesTest" tests="1" skipped="0" failures="0" errors="0" timestamp="2021-08-24T11:46:20" hostname="DESKTOP-92151PH" time="0.021">
  <properties/>
  <testcase name="the factor 0 does not affect the sum of multiples of other factors" classname="SumOfMultiplesTest" time="0.021"/>
  <system-out><![CDATA[]]></system-out>
  <system-err><![CDATA[]]></system-err>
</testsuite>
